<?xml version="1.0" encoding="UTF-8"?>
<testsuite xmlns:xsi="http://www.w3.org/2001/XMLSchema-instance" xsi:noNamespaceSchemaLocation="https://maven.apache.org/surefire/maven-surefire-plugin/xsd/surefire-test-report.xsd" name="TweetControllerTest" time="0.18" tests="1" errors="1" skipped="0" failures="0">
  <properties>
[...]
</properties>
  <testcase name="TweetControllerTest" classname="TweetControllerTest" time="0.18">
    <error message="Unable to find a @SpringBootConfiguration, you need to use @ContextConfiguration or @SpringBootTest(classes=...) with your test" type="java.lang.IllegalStateException">java.lang.IllegalStateException: Unable to find a @SpringBootConfiguration, you need to use @ContextConfiguration or @SpringBootTest(classes=...) with your test
</error>
    <system-out><![CDATA[16:31:56.458 [main] DEBUG org.springframework.test.context.BootstrapUtils - Instantiating CacheAwareContextLoaderDelegate from class [org.springframework.test.context.cache.DefaultCacheAwareContextLoaderDelegate]
16:31:56.468 [main] DEBUG org.springframework.test.context.BootstrapUtils - Instantiating BootstrapContext using constructor [public org.springframework.test.context.support.DefaultBootstrapContext(java.lang.Class,org.springframework.test.context.CacheAwareContextLoaderDelegate)]
16:31:56.503 [main] DEBUG org.springframework.test.context.BootstrapUtils - Instantiating TestContextBootstrapper for test class [TweetControllerTest] from class [org.springframework.boot.test.context.SpringBootTestContextBootstrapper]
16:31:56.514 [main] INFO org.springframework.boot.test.context.SpringBootTestContextBootstrapper - Neither @ContextConfiguration nor @ContextHierarchy found for test class [TweetControllerTest], using SpringBootContextLoader
16:31:56.518 [main] DEBUG org.springframework.test.context.support.AbstractContextLoader - Did not detect default resource location for test class [TweetControllerTest]: class path resource [TweetControllerTest-context.xml] does not exist
16:31:56.518 [main] DEBUG org.springframework.test.context.support.AbstractContextLoader - Did not detect default resource location for test class [TweetControllerTest]: class path resource [TweetControllerTestContext.groovy] does not exist
16:31:56.519 [main] INFO org.springframework.test.context.support.AbstractContextLoader - Could not detect default resource locations for test class [TweetControllerTest]: no resource found for suffixes {-context.xml, Context.groovy}.
16:31:56.520 [main] INFO org.springframework.test.context.support.AnnotationConfigContextLoaderUtils - Could not detect default configuration classes for test class [TweetControllerTest]: TweetControllerTest does not declare any static, non-private, non-final, nested classes annotated with @Configuration.
16:31:56.566 [main] DEBUG org.springframework.test.context.support.ActiveProfilesUtils - Could not find an 'annotation declaring class' for annotation type [org.springframework.test.context.ActiveProfiles] and class [TweetControllerTest]
]]></system-out>
  </testcase>
</testsuite>